<?xml version="1.0" encoding="UTF-8"?>
<Site BuildName="Win32-MSBuild"
	BuildStamp="20230706-1828-Experimental"
	Name="Sepid-Desktop"
	Generator="ctest-3.25.1"
	CompilerName="E:/Software/vstudio/VC/Tools/MSVC/14.36.32532/bin/Hostx86/x64/cl.exe"
	CompilerVersion="19.36.32532.0"
	OSName="Windows"
	Hostname="Sepid-Desktop"
	OSRelease=" Professional"
	OSVersion=" (Build 22621)"
	OSPlatform="AMD64"
	Is64Bits="1"
	VendorString="GenuineIntel"
	VendorID="Intel Corporation"
	FamilyID="6"
	ModelID="14"
	ProcessorCacheSize="-1"
	NumberOfLogicalCPU="8"
	NumberOfPhysicalCPU="8"
	TotalVirtualMemory="31394"
	TotalPhysicalMemory="16222"
	LogicalProcessorsPerPhysical="1"
	ProcessorClockFrequency="3000"
	>
	<Testing>
		<StartDateTime>Jul 06 14:33 Eastern Summer Time</StartDateTime>
		<StartTestTime>1688668431</StartTestTime>
		<TestList/>
		<EndDateTime>Jul 06 14:33 Eastern Summer Time</EndDateTime>
		<EndTestTime>1688668431</EndTestTime>
		<ElapsedMinutes>0</ElapsedMinutes>
	</Testing>
</Site>
